{"C:\\Users\\markg\\Desktop\\codefellows\\401\\sorting-algo-blog\\insertion-sort\\insertion-sort.js": {"path":"C:\\Users\\markg\\Desktop\\codefellows\\401\\sorting-algo-blog\\insertion-sort\\insertion-sort.js","statementMap":{"0":{"start":{"line":4,"column":2},"end":{"line":14,"column":3}},"1":{"start":{"line":4,"column":15},"end":{"line":4,"column":16}},"2":{"start":{"line":5,"column":12},"end":{"line":5,"column":17}},"3":{"start":{"line":6,"column":15},"end":{"line":6,"column":21}},"4":{"start":{"line":8,"column":4},"end":{"line":11,"column":5}},"5":{"start":{"line":9,"column":6},"end":{"line":9,"column":26}},"6":{"start":{"line":10,"column":6},"end":{"line":10,"column":16}},"7":{"start":{"line":13,"column":4},"end":{"line":13,"column":22}},"8":{"start":{"line":15,"column":2},"end":{"line":15,"column":13}},"9":{"start":{"line":18,"column":0},"end":{"line":18,"column":31}}},"fnMap":{"0":{"name":"insertionSort","decl":{"start":{"line":3,"column":9},"end":{"line":3,"column":22}},"loc":{"start":{"line":3,"column":28},"end":{"line":16,"column":1}},"line":3}},"branchMap":{"0":{"loc":{"start":{"line":8,"column":11},"end":{"line":8,"column":34}},"type":"binary-expr","locations":[{"start":{"line":8,"column":11},"end":{"line":8,"column":17}},{"start":{"line":8,"column":21},"end":{"line":8,"column":34}}],"line":8}},"s":{"0":4,"1":4,"2":20,"3":20,"4":20,"5":28,"6":28,"7":20,"8":4,"9":1},"f":{"0":4},"b":{"0":[48,42]},"_coverageSchema":"1a1c01bbd47fc00a2c39e90264f33305004495a9","hash":"3e228c3bd04c3cd1daa37d0963f6059c3df2d7ac"}
,"C:\\Users\\markg\\Desktop\\codefellows\\401\\sorting-algo-blog\\quick-sort\\quick-sort.js": {"path":"C:\\Users\\markg\\Desktop\\codefellows\\401\\sorting-algo-blog\\quick-sort\\quick-sort.js","statementMap":{"0":{"start":{"line":2,"column":2},"end":{"line":2,"column":46}},"1":{"start":{"line":3,"column":2},"end":{"line":3,"column":15}},"2":{"start":{"line":7,"column":2},"end":{"line":7,"column":33}},"3":{"start":{"line":7,"column":26},"end":{"line":7,"column":33}},"4":{"start":{"line":9,"column":19},"end":{"line":9,"column":27}},"5":{"start":{"line":10,"column":16},"end":{"line":10,"column":28}},"6":{"start":{"line":11,"column":17},"end":{"line":11,"column":23}},"7":{"start":{"line":13,"column":2},"end":{"line":20,"column":3}},"8":{"start":{"line":14,"column":4},"end":{"line":16,"column":5}},"9":{"start":{"line":15,"column":6},"end":{"line":15,"column":37}},"10":{"start":{"line":18,"column":4},"end":{"line":18,"column":53}},"11":{"start":{"line":18,"column":43},"end":{"line":18,"column":53}},"12":{"start":{"line":19,"column":4},"end":{"line":19,"column":55}},"13":{"start":{"line":19,"column":44},"end":{"line":19,"column":55}},"14":{"start":{"line":21,"column":2},"end":{"line":21,"column":34}},"15":{"start":{"line":24,"column":4},"end":{"line":24,"column":53}},"16":{"start":{"line":26,"column":2},"end":{"line":32,"column":3}},"17":{"start":{"line":27,"column":4},"end":{"line":27,"column":51}},"18":{"start":{"line":28,"column":4},"end":{"line":28,"column":49}},"19":{"start":{"line":30,"column":4},"end":{"line":30,"column":49}},"20":{"start":{"line":31,"column":4},"end":{"line":31,"column":51}},"21":{"start":{"line":35,"column":13},"end":{"line":35,"column":21}},"22":{"start":{"line":36,"column":2},"end":{"line":36,"column":22}},"23":{"start":{"line":37,"column":2},"end":{"line":37,"column":18}},"24":{"start":{"line":40,"column":0},"end":{"line":40,"column":27}}},"fnMap":{"0":{"name":"quickSort","decl":{"start":{"line":1,"column":9},"end":{"line":1,"column":18}},"loc":{"start":{"line":1,"column":26},"end":{"line":4,"column":1}},"line":1},"1":{"name":"quickSortHelper","decl":{"start":{"line":6,"column":9},"end":{"line":6,"column":24}},"loc":{"start":{"line":6,"column":50},"end":{"line":33,"column":1}},"line":6},"2":{"name":"swap","decl":{"start":{"line":34,"column":9},"end":{"line":34,"column":13}},"loc":{"start":{"line":34,"column":27},"end":{"line":38,"column":1}},"line":34}},"branchMap":{"0":{"loc":{"start":{"line":7,"column":2},"end":{"line":7,"column":33}},"type":"if","locations":[{"start":{"line":7,"column":2},"end":{"line":7,"column":33}},{"start":{"line":7,"column":2},"end":{"line":7,"column":33}}],"line":7},"1":{"loc":{"start":{"line":14,"column":4},"end":{"line":16,"column":5}},"type":"if","locations":[{"start":{"line":14,"column":4},"end":{"line":16,"column":5}},{"start":{"line":14,"column":4},"end":{"line":16,"column":5}}],"line":14},"2":{"loc":{"start":{"line":14,"column":8},"end":{"line":14,"column":77}},"type":"binary-expr","locations":[{"start":{"line":14,"column":8},"end":{"line":14,"column":40}},{"start":{"line":14,"column":44},"end":{"line":14,"column":77}}],"line":14},"3":{"loc":{"start":{"line":18,"column":4},"end":{"line":18,"column":53}},"type":"if","locations":[{"start":{"line":18,"column":4},"end":{"line":18,"column":53}},{"start":{"line":18,"column":4},"end":{"line":18,"column":53}}],"line":18},"4":{"loc":{"start":{"line":19,"column":4},"end":{"line":19,"column":55}},"type":"if","locations":[{"start":{"line":19,"column":4},"end":{"line":19,"column":55}},{"start":{"line":19,"column":4},"end":{"line":19,"column":55}}],"line":19},"5":{"loc":{"start":{"line":26,"column":2},"end":{"line":32,"column":3}},"type":"if","locations":[{"start":{"line":26,"column":2},"end":{"line":32,"column":3}},{"start":{"line":26,"column":2},"end":{"line":32,"column":3}}],"line":26}},"s":{"0":4,"1":4,"2":40,"3":22,"4":18,"5":18,"6":18,"7":18,"8":52,"9":1,"10":52,"11":22,"12":52,"13":32,"14":18,"15":18,"16":18,"17":9,"18":9,"19":9,"20":9,"21":19,"22":19,"23":19,"24":1},"f":{"0":4,"1":40,"2":19},"b":{"0":[22,18],"1":[1,51],"2":[52,31],"3":[22,30],"4":[32,20],"5":[9,9]},"_coverageSchema":"1a1c01bbd47fc00a2c39e90264f33305004495a9","hash":"f3b85bcca5bc5bf341d4bbbca8a21ba1c8e5f4e3"}
}
