{"C:\\Users\\markg\\Desktop\\codefellows\\401\\sorting-algo-blog\\insertion-sort\\insertion-sort.js": {"path":"C:\\Users\\markg\\Desktop\\codefellows\\401\\sorting-algo-blog\\insertion-sort\\insertion-sort.js","statementMap":{"0":{"start":{"line":4,"column":2},"end":{"line":14,"column":3}},"1":{"start":{"line":4,"column":15},"end":{"line":4,"column":16}},"2":{"start":{"line":5,"column":12},"end":{"line":5,"column":17}},"3":{"start":{"line":6,"column":15},"end":{"line":6,"column":21}},"4":{"start":{"line":8,"column":4},"end":{"line":11,"column":5}},"5":{"start":{"line":9,"column":6},"end":{"line":9,"column":26}},"6":{"start":{"line":10,"column":6},"end":{"line":10,"column":16}},"7":{"start":{"line":13,"column":4},"end":{"line":13,"column":22}},"8":{"start":{"line":15,"column":2},"end":{"line":15,"column":13}},"9":{"start":{"line":18,"column":0},"end":{"line":18,"column":31}}},"fnMap":{"0":{"name":"insertionSort","decl":{"start":{"line":3,"column":9},"end":{"line":3,"column":22}},"loc":{"start":{"line":3,"column":28},"end":{"line":16,"column":1}},"line":3}},"branchMap":{"0":{"loc":{"start":{"line":8,"column":11},"end":{"line":8,"column":34}},"type":"binary-expr","locations":[{"start":{"line":8,"column":11},"end":{"line":8,"column":17}},{"start":{"line":8,"column":21},"end":{"line":8,"column":34}}],"line":8}},"s":{"0":3,"1":3,"2":15,"3":15,"4":15,"5":27,"6":27,"7":15,"8":3,"9":1},"f":{"0":3},"b":{"0":[42,36]},"_coverageSchema":"1a1c01bbd47fc00a2c39e90264f33305004495a9","hash":"3e228c3bd04c3cd1daa37d0963f6059c3df2d7ac"}
}
