TN:
SF:insertion-sort\insertion-sort.js
FN:3,insertionSort
FNF:1
FNH:1
FNDA:4,insertionSort
DA:4,4
DA:5,20
DA:6,20
DA:8,20
DA:9,28
DA:10,28
DA:13,20
DA:15,4
DA:18,1
LF:9
LH:9
BRDA:8,0,0,48
BRDA:8,0,1,42
BRF:2
BRH:2
end_of_record
TN:
SF:quick-sort\quick-sort.js
FN:1,quickSort
FN:6,quickSortHelper
FN:34,swap
FNF:3
FNH:3
FNDA:4,quickSort
FNDA:40,quickSortHelper
FNDA:19,swap
DA:2,4
DA:3,4
DA:7,40
DA:9,18
DA:10,18
DA:11,18
DA:13,18
DA:14,52
DA:15,1
DA:18,52
DA:19,52
DA:21,18
DA:24,18
DA:26,18
DA:27,9
DA:28,9
DA:30,9
DA:31,9
DA:35,19
DA:36,19
DA:37,19
DA:40,1
LF:22
LH:22
BRDA:7,0,0,22
BRDA:7,0,1,18
BRDA:14,1,0,1
BRDA:14,1,1,51
BRDA:14,2,0,52
BRDA:14,2,1,31
BRDA:18,3,0,22
BRDA:18,3,1,30
BRDA:19,4,0,32
BRDA:19,4,1,20
BRDA:26,5,0,9
BRDA:26,5,1,9
BRF:12
BRH:12
end_of_record
